<?xml version="1.0" encoding="UTF-8"?>
<testsuite name="EcllipseGradleJava.LibraryTest" tests="1" skipped="0" failures="0" errors="0" timestamp="2019-10-05T06:04:53" hostname="PLATOW42S2428" time="0.004">
  <properties/>
  <testcase name="testSomeLibraryMethod" classname="EcllipseGradleJava.LibraryTest" time="0.004"/>
  <system-out><![CDATA[]]></system-out>
  <system-err><![CDATA[]]></system-err>
</testsuite>
