<?xml version="1.0" encoding="UTF-8"?>
<testsuite name="com.zensar.AppTest" tests="1" skipped="0" failures="0" errors="0" timestamp="2019-10-05T05:09:36" hostname="PLATOW42S2428" time="0.004">
  <properties/>
  <testcase name="testAppHasAGreeting" classname="com.zensar.AppTest" time="0.004"/>
  <system-out><![CDATA[]]></system-out>
  <system-err><![CDATA[]]></system-err>
</testsuite>
